This is pdfTeX, Version 3.14159265-2.6-1.40.16 (TeX Live 2015/Debian) (preloaded format=pdflatex 2018.1.5)  12 FEB 2018 13:49
entering extended mode
 restricted \write18 enabled.
 %&-line parsing enabled.
**\nonstopmode\input dataApprox.tex
(./dataApprox.tex (/usr/share/texlive/texmf-dist/tex/latex/base/article.cls
Document Class: article 2014/09/29 v1.4h Standard LaTeX document class
(/usr/share/texlive/texmf-dist/tex/latex/base/size10.clo
File: size10.clo 2014/09/29 v1.4h Standard LaTeX file (size option)
)
\c@part=\count79
\c@section=\count80
\c@subsection=\count81
\c@subsubsection=\count82
\c@paragraph=\count83
\c@subparagraph=\count84
\c@figure=\count85
\c@table=\count86
\abovecaptionskip=\skip41
\belowcaptionskip=\skip42
\bibindent=\dimen102
)
(/usr/share/texlive/texmf-dist/tex/latex/amsmath/amsmath.sty
Package: amsmath 2016/03/03 v2.15a AMS math features
\@mathmargin=\skip43

For additional information on amsmath, use the `?' option.
(/usr/share/texlive/texmf-dist/tex/latex/amsmath/amstext.sty
Package: amstext 2000/06/29 v2.01 AMS text

(/usr/share/texlive/texmf-dist/tex/latex/amsmath/amsgen.sty
File: amsgen.sty 1999/11/30 v2.0 generic functions
\@emptytoks=\toks14
\ex@=\dimen103
))
(/usr/share/texlive/texmf-dist/tex/latex/amsmath/amsbsy.sty
Package: amsbsy 1999/11/29 v1.2d Bold Symbols
\pmbraise@=\dimen104
)
(/usr/share/texlive/texmf-dist/tex/latex/amsmath/amsopn.sty
Package: amsopn 1999/12/14 v2.01 operator names
)
\inf@bad=\count87
LaTeX Info: Redefining \frac on input line 199.
\uproot@=\count88
\leftroot@=\count89
LaTeX Info: Redefining \overline on input line 297.
\classnum@=\count90
\DOTSCASE@=\count91
LaTeX Info: Redefining \ldots on input line 394.
LaTeX Info: Redefining \dots on input line 397.
LaTeX Info: Redefining \cdots on input line 518.
\Mathstrutbox@=\box26
\strutbox@=\box27
\big@size=\dimen105
LaTeX Font Info:    Redeclaring font encoding OML on input line 630.
LaTeX Font Info:    Redeclaring font encoding OMS on input line 631.
\macc@depth=\count92
\c@MaxMatrixCols=\count93
\dotsspace@=\muskip10
\c@parentequation=\count94
\dspbrk@lvl=\count95
\tag@help=\toks15
\row@=\count96
\column@=\count97
\maxfields@=\count98
\andhelp@=\toks16
\eqnshift@=\dimen106
\alignsep@=\dimen107
\tagshift@=\dimen108
\tagwidth@=\dimen109
\totwidth@=\dimen110
\lineht@=\dimen111
\@envbody=\toks17
\multlinegap=\skip44
\multlinetaggap=\skip45
\mathdisplay@stack=\toks18
LaTeX Info: Redefining \[ on input line 2735.
LaTeX Info: Redefining \] on input line 2736.
)
(/usr/share/texlive/texmf-dist/tex/latex/amsfonts/amssymb.sty
Package: amssymb 2013/01/14 v3.01 AMS font symbols

(/usr/share/texlive/texmf-dist/tex/latex/amsfonts/amsfonts.sty
Package: amsfonts 2013/01/14 v3.01 Basic AMSFonts support
\symAMSa=\mathgroup4
\symAMSb=\mathgroup5
LaTeX Font Info:    Overwriting math alphabet `\mathfrak' in version `bold'
(Font)                  U/euf/m/n --> U/euf/b/n on input line 106.
))
(/usr/share/texlive/texmf-dist/tex/latex/graphics/graphics.sty
Package: graphics 2016/01/03 v1.0q Standard LaTeX Graphics (DPC,SPQR)

(/usr/share/texlive/texmf-dist/tex/latex/graphics/trig.sty
Package: trig 2016/01/03 v1.10 sin cos tan (DPC)
)
(/usr/share/texlive/texmf-dist/tex/latex/latexconfig/graphics.cfg
File: graphics.cfg 2010/04/23 v1.9 graphics configuration of TeX Live
)
Package graphics Info: Driver file: pdftex.def on input line 95.

(/usr/share/texlive/texmf-dist/tex/latex/pdftex-def/pdftex.def
File: pdftex.def 2011/05/27 v0.06d Graphics/color for pdfTeX

(/usr/share/texlive/texmf-dist/tex/generic/oberdiek/infwarerr.sty
Package: infwarerr 2010/04/08 v1.3 Providing info/warning/error messages (HO)
)
(/usr/share/texlive/texmf-dist/tex/generic/oberdiek/ltxcmds.sty
Package: ltxcmds 2011/11/09 v1.22 LaTeX kernel commands for general use (HO)
)
\Gread@gobject=\count99
))
(/usr/share/texlive/texmf-dist/tex/latex/setspace/setspace.sty
Package: setspace 2011/12/19 v6.7a set line spacing
)
\c@mathematicapage=\count100

(./dataApprox.aux)
\openout1 = `dataApprox.aux'.

LaTeX Font Info:    Checking defaults for OML/cmm/m/it on input line 10.
LaTeX Font Info:    ... okay on input line 10.
LaTeX Font Info:    Checking defaults for T1/cmr/m/n on input line 10.
LaTeX Font Info:    ... okay on input line 10.
LaTeX Font Info:    Checking defaults for OT1/cmr/m/n on input line 10.
LaTeX Font Info:    ... okay on input line 10.
LaTeX Font Info:    Checking defaults for OMS/cmsy/m/n on input line 10.
LaTeX Font Info:    ... okay on input line 10.
LaTeX Font Info:    Checking defaults for OMX/cmex/m/n on input line 10.
LaTeX Font Info:    ... okay on input line 10.
LaTeX Font Info:    Checking defaults for U/cmr/m/n on input line 10.
LaTeX Font Info:    ... okay on input line 10.

(/usr/share/texlive/texmf-dist/tex/context/base/supp-pdf.mkii
[Loading MPS to PDF converter (version 2006.09.02).]
\scratchcounter=\count101
\scratchdimen=\dimen112
\scratchbox=\box28
\nofMPsegments=\count102
\nofMParguments=\count103
\everyMPshowfont=\toks19
\MPscratchCnt=\count104
\MPscratchDim=\dimen113
\MPnumerator=\count105
\makeMPintoPDFobject=\count106
\everyMPtoPDFconversion=\toks20
) (/usr/share/texlive/texmf-dist/tex/generic/oberdiek/pdftexcmds.sty
Package: pdftexcmds 2011/11/29 v0.20 Utility functions of pdfTeX for LuaTeX (HO
)

(/usr/share/texlive/texmf-dist/tex/generic/oberdiek/ifluatex.sty
Package: ifluatex 2010/03/01 v1.3 Provides the ifluatex switch (HO)
Package ifluatex Info: LuaTeX not detected.
)
(/usr/share/texlive/texmf-dist/tex/generic/oberdiek/ifpdf.sty
Package: ifpdf 2011/01/30 v2.3 Provides the ifpdf switch (HO)
Package ifpdf Info: pdfTeX in PDF mode is detected.
)
Package pdftexcmds Info: LuaTeX not detected.
Package pdftexcmds Info: \pdf@primitive is available.
Package pdftexcmds Info: \pdf@ifprimitive is available.
Package pdftexcmds Info: \pdfdraftmode found.
)
(/usr/share/texlive/texmf-dist/tex/latex/oberdiek/epstopdf-base.sty
Package: epstopdf-base 2010/02/09 v2.5 Base part for package epstopdf

(/usr/share/texlive/texmf-dist/tex/latex/oberdiek/grfext.sty
Package: grfext 2010/08/19 v1.1 Manage graphics extensions (HO)

(/usr/share/texlive/texmf-dist/tex/generic/oberdiek/kvdefinekeys.sty
Package: kvdefinekeys 2011/04/07 v1.3 Define keys (HO)
))
(/usr/share/texlive/texmf-dist/tex/latex/oberdiek/kvoptions.sty
Package: kvoptions 2011/06/30 v3.11 Key value format for package options (HO)

(/usr/share/texlive/texmf-dist/tex/latex/graphics/keyval.sty
Package: keyval 2014/10/28 v1.15 key=value parser (DPC)
\KV@toks@=\toks21
)
(/usr/share/texlive/texmf-dist/tex/generic/oberdiek/kvsetkeys.sty
Package: kvsetkeys 2012/04/25 v1.16 Key value parser (HO)

(/usr/share/texlive/texmf-dist/tex/generic/oberdiek/etexcmds.sty
Package: etexcmds 2011/02/16 v1.5 Avoid name clashes with e-TeX commands (HO)
Package etexcmds Info: Could not find \expanded.
(etexcmds)             That can mean that you are not using pdfTeX 1.50 or
(etexcmds)             that some package has redefined \expanded.
(etexcmds)             In the latter case, load this package earlier.
)))
Package grfext Info: Graphics extension search list:
(grfext)             [.png,.pdf,.jpg,.mps,.jpeg,.jbig2,.jb2,.PNG,.PDF,.JPG,.JPE
G,.JBIG2,.JB2,.eps]
(grfext)             \AppendGraphicsExtensions on input line 452.

(/usr/share/texlive/texmf-dist/tex/latex/latexconfig/epstopdf-sys.cfg
File: epstopdf-sys.cfg 2010/07/13 v1.3 Configuration of (r)epstopdf for TeX Liv
e
))
LaTeX Font Info:    Try loading font information for U+msa on input line 12.

(/usr/share/texlive/texmf-dist/tex/latex/amsfonts/umsa.fd
File: umsa.fd 2013/01/14 v3.01 AMS symbols A
)
LaTeX Font Info:    Try loading font information for U+msb on input line 12.

(/usr/share/texlive/texmf-dist/tex/latex/amsfonts/umsb.fd
File: umsb.fd 2013/01/14 v3.01 AMS symbols B
)
! Missing $ inserted.
<inserted text> 
                $
l.824  0 & \text{True}$ \\}
                           
I've inserted a begin-math/end-math symbol since I think
you left one out. Proceed, with fingers crossed.

! Misplaced alignment tab character &.
<argument> ...^{\wedge }$-47} (1+t)^{49}\right ] &
                                                   \text {Round}[t<1] \\ \te...
l.824  0 & \text{True}$ \\}
                           
I can't figure out why you would want to use a tab mark
here. If you just want an ampersand, the remedy is
simple: Just type `I\&' now. But if some right brace
up above has ended a previous alignment prematurely,
you're probably due for more error messages, and you
might try typing `S' now just to see what is salvageable.

! Misplaced alignment tab character &.
<argument> ...*${}^{\wedge }$-47} t^{49}\right ] &
                                                   \text {Round}[1<t<2] \\ \...
l.824  0 & \text{True}$ \\}
                           
I can't figure out why you would want to use a tab mark
here. If you just want an ampersand, the remedy is
simple: Just type `I\&' now. But if some right brace
up above has ended a previous alignment prematurely,
you're probably due for more error messages, and you
might try typing `S' now just to see what is salvageable.

! Misplaced alignment tab character &.
<argument> ...{\wedge }$-47} (-1+t)^{49}\right ] &
                                                   \text {Round}[2<t<3] \\ \...
l.824  0 & \text{True}$ \\}
                           
I can't figure out why you would want to use a tab mark
here. If you just want an ampersand, the remedy is
simple: Just type `I\&' now. But if some right brace
up above has ended a previous alignment prematurely,
you're probably due for more error messages, and you
might try typing `S' now just to see what is salvageable.

! Misplaced alignment tab character &.
<argument> ...{\wedge }$-47} (-2+t)^{49}\right ] &
                                                   \text {Round}[3<t<4] \\ \...
l.824  0 & \text{True}$ \\}
                           
I can't figure out why you would want to use a tab mark
here. If you just want an ampersand, the remedy is
simple: Just type `I\&' now. But if some right brace
up above has ended a previous alignment prematurely,
you're probably due for more error messages, and you
might try typing `S' now just to see what is salvageable.

! Misplaced alignment tab character &.
<argument> ...{\wedge }$-47} (-3+t)^{49}\right ] &
                                                   \text {Round}[4<t<5] \\ \...
l.824  0 & \text{True}$ \\}
                           
I can't figure out why you would want to use a tab mark
here. If you just want an ampersand, the remedy is
simple: Just type `I\&' now. But if some right brace
up above has ended a previous alignment prematurely,
you're probably due for more error messages, and you
might try typing `S' now just to see what is salvageable.

! Misplaced alignment tab character &.
<argument> ...{\wedge }$-47} (-4+t)^{49}\right ] &
                                                   \text {Round}[5<t<6] \\ \...
l.824  0 & \text{True}$ \\}
                           
I can't figure out why you would want to use a tab mark
here. If you just want an ampersand, the remedy is
simple: Just type `I\&' now. But if some right brace
up above has ended a previous alignment prematurely,
you're probably due for more error messages, and you
might try typing `S' now just to see what is salvageable.

! Misplaced alignment tab character &.
<argument> ...{\wedge }$-47} (-5+t)^{49}\right ] &
                                                   \text {Round}[6<t<7] \\ \...
l.824  0 & \text{True}$ \\}
                           
I can't figure out why you would want to use a tab mark
here. If you just want an ampersand, the remedy is
simple: Just type `I\&' now. But if some right brace
up above has ended a previous alignment prematurely,
you're probably due for more error messages, and you
might try typing `S' now just to see what is salvageable.

! Misplaced alignment tab character &.
<argument> ...{\wedge }$-47} (-6+t)^{49}\right ] &
                                                   \text {Round}[7<t<8] \\ \...
l.824  0 & \text{True}$ \\}
                           
I can't figure out why you would want to use a tab mark
here. If you just want an ampersand, the remedy is
simple: Just type `I\&' now. But if some right brace
up above has ended a previous alignment prematurely,
you're probably due for more error messages, and you
might try typing `S' now just to see what is salvageable.

! Misplaced alignment tab character &.
<argument> ...{\wedge }$-47} (-7+t)^{49}\right ] &
                                                   \text {Round}[8<t<9] \\ \...
l.824  0 & \text{True}$ \\}
                           
I can't figure out why you would want to use a tab mark
here. If you just want an ampersand, the remedy is
simple: Just type `I\&' now. But if some right brace
up above has ended a previous alignment prematurely,
you're probably due for more error messages, and you
might try typing `S' now just to see what is salvageable.

! Misplaced alignment tab character &.
<argument> ...{\wedge }$-47} (-8+t)^{49}\right ] &
                                                   \text {Round}[9<t<10] \\ ...
l.824  0 & \text{True}$ \\}
                           
I can't figure out why you would want to use a tab mark
here. If you just want an ampersand, the remedy is
simple: Just type `I\&' now. But if some right brace
up above has ended a previous alignment prematurely,
you're probably due for more error messages, and you
might try typing `S' now just to see what is salvageable.

! Misplaced alignment tab character &.
<argument> ...{\wedge }$-47} (-9+t)^{49}\right ] &
                                                   \text {Round}[11<t<12] \\...
l.824  0 & \text{True}$ \\}
                           
I can't figure out why you would want to use a tab mark
here. If you just want an ampersand, the remedy is
simple: Just type `I\&' now. But if some right brace
up above has ended a previous alignment prematurely,
you're probably due for more error messages, and you
might try typing `S' now just to see what is salvageable.

! Misplaced alignment tab character &.
<argument> ...\wedge }$-47} (-10+t)^{49}\right ] &
                                                   \text {Round}[12<t<13] \\...
l.824  0 & \text{True}$ \\}
                           
I can't figure out why you would want to use a tab mark
here. If you just want an ampersand, the remedy is
simple: Just type `I\&' now. But if some right brace
up above has ended a previous alignment prematurely,
you're probably due for more error messages, and you
might try typing `S' now just to see what is salvageable.

! Misplaced alignment tab character &.
<argument> ...\wedge }$-47} (-11+t)^{49}\right ] &
                                                   \text {Round}[13<t<14] \\...
l.824  0 & \text{True}$ \\}
                           
I can't figure out why you would want to use a tab mark
here. If you just want an ampersand, the remedy is
simple: Just type `I\&' now. But if some right brace
up above has ended a previous alignment prematurely,
you're probably due for more error messages, and you
might try typing `S' now just to see what is salvageable.

! Misplaced alignment tab character &.
<argument> ...\wedge }$-47} (-12+t)^{49}\right ] &
                                                   \text {Round}[14<t<15] \\...
l.824  0 & \text{True}$ \\}
                           
I can't figure out why you would want to use a tab mark
here. If you just want an ampersand, the remedy is
simple: Just type `I\&' now. But if some right brace
up above has ended a previous alignment prematurely,
you're probably due for more error messages, and you
might try typing `S' now just to see what is salvageable.

! Misplaced alignment tab character &.
<argument> ...\wedge }$-47} (-13+t)^{49}\right ] &
                                                   \text {Round}[15<t<16] \\...
l.824  0 & \text{True}$ \\}
                           
I can't figure out why you would want to use a tab mark
here. If you just want an ampersand, the remedy is
simple: Just type `I\&' now. But if some right brace
up above has ended a previous alignment prematurely,
you're probably due for more error messages, and you
might try typing `S' now just to see what is salvageable.

! Misplaced alignment tab character &.
<argument> ...\wedge }$-47} (-14+t)^{49}\right ] &
                                                   \text {Round}[16<t<17] \\...
l.824  0 & \text{True}$ \\}
                           
I can't figure out why you would want to use a tab mark
here. If you just want an ampersand, the remedy is
simple: Just type `I\&' now. But if some right brace
up above has ended a previous alignment prematurely,
you're probably due for more error messages, and you
might try typing `S' now just to see what is salvageable.

! Misplaced alignment tab character &.
<argument> ...\wedge }$-47} (-15+t)^{49}\right ] &
                                                   \text {Round}[17<t<18] \\...
l.824  0 & \text{True}$ \\}
                           
I can't figure out why you would want to use a tab mark
here. If you just want an ampersand, the remedy is
simple: Just type `I\&' now. But if some right brace
up above has ended a previous alignment prematurely,
you're probably due for more error messages, and you
might try typing `S' now just to see what is salvageable.

! Misplaced alignment tab character &.
<argument> ...\wedge }$-47} (-16+t)^{49}\right ] &
                                                   \text {Round}[18<t<19] \\...
l.824  0 & \text{True}$ \\}
                           
I can't figure out why you would want to use a tab mark
here. If you just want an ampersand, the remedy is
simple: Just type `I\&' now. But if some right brace
up above has ended a previous alignment prematurely,
you're probably due for more error messages, and you
might try typing `S' now just to see what is salvageable.

! Misplaced alignment tab character &.
<argument> ...\wedge }$-47} (-17+t)^{49}\right ] &
                                                   \text {Round}[19<t<20] \\...
l.824  0 & \text{True}$ \\}
                           
I can't figure out why you would want to use a tab mark
here. If you just want an ampersand, the remedy is
simple: Just type `I\&' now. But if some right brace
up above has ended a previous alignment prematurely,
you're probably due for more error messages, and you
might try typing `S' now just to see what is salvageable.

! Misplaced alignment tab character &.
<argument> ...\wedge }$-47} (-18+t)^{49}\right ] &
                                                   \text {Round}[20<t<21] \\...
l.824  0 & \text{True}$ \\}
                           
I can't figure out why you would want to use a tab mark
here. If you just want an ampersand, the remedy is
simple: Just type `I\&' now. But if some right brace
up above has ended a previous alignment prematurely,
you're probably due for more error messages, and you
might try typing `S' now just to see what is salvageable.

! Misplaced alignment tab character &.
<argument> ...\wedge }$-47} (-19+t)^{49}\right ] &
                                                   \text {Round}[21<t<22] \\...
l.824  0 & \text{True}$ \\}
                           
I can't figure out why you would want to use a tab mark
here. If you just want an ampersand, the remedy is
simple: Just type `I\&' now. But if some right brace
up above has ended a previous alignment prematurely,
you're probably due for more error messages, and you
might try typing `S' now just to see what is salvageable.

! Misplaced alignment tab character &.
<argument> ...\wedge }$-47} (-20+t)^{49}\right ] &
                                                   \text {Round}[22<t<23] \\...
l.824  0 & \text{True}$ \\}
                           
I can't figure out why you would want to use a tab mark
here. If you just want an ampersand, the remedy is
simple: Just type `I\&' now. But if some right brace
up above has ended a previous alignment prematurely,
you're probably due for more error messages, and you
might try typing `S' now just to see what is salvageable.

! Misplaced alignment tab character &.
<argument> ...\wedge }$-47} (-21+t)^{49}\right ] &
                                                   \text {Round}[23<t<24] \\...
l.824  0 & \text{True}$ \\}
                           
I can't figure out why you would want to use a tab mark
here. If you just want an ampersand, the remedy is
simple: Just type `I\&' now. But if some right brace
up above has ended a previous alignment prematurely,
you're probably due for more error messages, and you
might try typing `S' now just to see what is salvageable.

! Misplaced alignment tab character &.
<argument> ...\wedge }$-47} (-22+t)^{49}\right ] &
                                                   \text {Round}[24<t<25] \\...
l.824  0 & \text{True}$ \\}
                           
I can't figure out why you would want to use a tab mark
here. If you just want an ampersand, the remedy is
simple: Just type `I\&' now. But if some right brace
up above has ended a previous alignment prematurely,
you're probably due for more error messages, and you
might try typing `S' now just to see what is salvageable.

! Misplaced alignment tab character &.
<argument> ...18\times 10^6 (-22+t)^{15}\right ] &
                                                   \text {Round}[25<t<26] \\...
l.824  0 & \text{True}$ \\}
                           
I can't figure out why you would want to use a tab mark
here. If you just want an ampersand, the remedy is
simple: Just type `I\&' now. But if some right brace
up above has ended a previous alignment prematurely,
you're probably due for more error messages, and you
might try typing `S' now just to see what is salvageable.

! Misplaced alignment tab character &.
<argument> ...\wedge }$-47} (-23+t)^{49}\right ] &
                                                   \text {Round}[26<t<27] \\...
l.824  0 & \text{True}$ \\}
                           
I can't figure out why you would want to use a tab mark
here. If you just want an ampersand, the remedy is
simple: Just type `I\&' now. But if some right brace
up above has ended a previous alignment prematurely,
you're probably due for more error messages, and you
might try typing `S' now just to see what is salvageable.

! Misplaced alignment tab character &.
<argument> ...\wedge }$-47} (-24+t)^{49}\right ] &
                                                   \text {Round}[27<t<28] \\...
l.824  0 & \text{True}$ \\}
                           
I can't figure out why you would want to use a tab mark
here. If you just want an ampersand, the remedy is
simple: Just type `I\&' now. But if some right brace
up above has ended a previous alignment prematurely,
you're probably due for more error messages, and you
might try typing `S' now just to see what is salvageable.

! Misplaced alignment tab character &.
<argument> ...\wedge }$-47} (-25+t)^{49}\right ] &
                                                   \text {Round}[28<t<29] \\...
l.824  0 & \text{True}$ \\}
                           
I can't figure out why you would want to use a tab mark
here. If you just want an ampersand, the remedy is
simple: Just type `I\&' now. But if some right brace
up above has ended a previous alignment prematurely,
you're probably due for more error messages, and you
might try typing `S' now just to see what is salvageable.

! Misplaced alignment tab character &.
<argument> ...\wedge }$-47} (-26+t)^{49}\right ] &
                                                   \text {Round}[29<t<30] \\...
l.824  0 & \text{True}$ \\}
                           
I can't figure out why you would want to use a tab mark
here. If you just want an ampersand, the remedy is
simple: Just type `I\&' now. But if some right brace
up above has ended a previous alignment prematurely,
you're probably due for more error messages, and you
might try typing `S' now just to see what is salvageable.

! Misplaced alignment tab character &.
<argument> ...\wedge }$-47} (-27+t)^{49}\right ] &
                                                   \text {Round}[30<t<31] \\...
l.824  0 & \text{True}$ \\}
                           
I can't figure out why you would want to use a tab mark
here. If you just want an ampersand, the remedy is
simple: Just type `I\&' now. But if some right brace
up above has ended a previous alignment prematurely,
you're probably due for more error messages, and you
might try typing `S' now just to see what is salvageable.

! Misplaced alignment tab character &.
<argument> ...\wedge }$-47} (-28+t)^{49}\right ] &
                                                   \text {Round}[31<t<32] \\...
l.824  0 & \text{True}$ \\}
                           
I can't figure out why you would want to use a tab mark
here. If you just want an ampersand, the remedy is
simple: Just type `I\&' now. But if some right brace
up above has ended a previous alignment prematurely,
you're probably due for more error messages, and you
might try typing `S' now just to see what is salvageable.

! Misplaced alignment tab character &.
<argument> ...\wedge }$-47} (-29+t)^{49}\right ] &
                                                   \text {Round}[32<t<33] \\...
l.824  0 & \text{True}$ \\}
                           
I can't figure out why you would want to use a tab mark
here. If you just want an ampersand, the remedy is
simple: Just type `I\&' now. But if some right brace
up above has ended a previous alignment prematurely,
you're probably due for more error messages, and you
might try typing `S' now just to see what is salvageable.

! Misplaced alignment tab character &.
<argument> ...\wedge }$-47} (-30+t)^{49}\right ] &
                                                   \text {Round}[33<t<34] \\...
l.824  0 & \text{True}$ \\}
                           
I can't figure out why you would want to use a tab mark
here. If you just want an ampersand, the remedy is
simple: Just type `I\&' now. But if some right brace
up above has ended a previous alignment prematurely,
you're probably due for more error messages, and you
might try typing `S' now just to see what is salvageable.

! Misplaced alignment tab character &.
<argument> ...\wedge }$-47} (-31+t)^{49}\right ] &
                                                   \text {Round}[34<t<35] \\...
l.824  0 & \text{True}$ \\}
                           
I can't figure out why you would want to use a tab mark
here. If you just want an ampersand, the remedy is
simple: Just type `I\&' now. But if some right brace
up above has ended a previous alignment prematurely,
you're probably due for more error messages, and you
might try typing `S' now just to see what is salvageable.

! Misplaced alignment tab character &.
<argument> ...\wedge }$-47} (-32+t)^{49}\right ] &
                                                   \text {Round}[35<t<36] \\...
l.824  0 & \text{True}$ \\}
                           
I can't figure out why you would want to use a tab mark
here. If you just want an ampersand, the remedy is
simple: Just type `I\&' now. But if some right brace
up above has ended a previous alignment prematurely,
you're probably due for more error messages, and you
might try typing `S' now just to see what is salvageable.

! Misplaced alignment tab character &.
<argument> ...\wedge }$-47} (-33+t)^{49}\right ] &
                                                   \text {Round}[36<t<37] \\...
l.824  0 & \text{True}$ \\}
                           
I can't figure out why you would want to use a tab mark
here. If you just want an ampersand, the remedy is
simple: Just type `I\&' now. But if some right brace
up above has ended a previous alignment prematurely,
you're probably due for more error messages, and you
might try typing `S' now just to see what is salvageable.

! Misplaced alignment tab character &.
<argument> ...774582$\grave { }$*${}^{\wedge \ETC.
                                                  
l.824  0 & \text{True}$ \\}
                           
I can't figure out why you would want to use a tab mark
here. If you just want an ampersand, the remedy is
simple: Just type `I\&' now. But if some right brace
up above has ended a previous alignment prematurely,
you're probably due for more error messages, and you
might try typing `S' now just to see what is salvageable.

! Misplaced alignment tab character &.
<argument> ...774582$\grave { }$*${}^{\wedge \ETC.
                                                  
l.824  0 & \text{True}$ \\}
                           
I can't figure out why you would want to use a tab mark
here. If you just want an ampersand, the remedy is
simple: Just type `I\&' now. But if some right brace
up above has ended a previous alignment prematurely,
you're probably due for more error messages, and you
might try typing `S' now just to see what is salvageable.

! Misplaced alignment tab character &.
<argument> ...774582$\grave { }$*${}^{\wedge \ETC.
                                                  
l.824  0 & \text{True}$ \\}
                           
I can't figure out why you would want to use a tab mark
here. If you just want an ampersand, the remedy is
simple: Just type `I\&' now. But if some right brace
up above has ended a previous alignment prematurely,
you're probably due for more error messages, and you
might try typing `S' now just to see what is salvageable.

! Misplaced alignment tab character &.
<argument> ...774582$\grave { }$*${}^{\wedge \ETC.
                                                  
l.824  0 & \text{True}$ \\}
                           
I can't figure out why you would want to use a tab mark
here. If you just want an ampersand, the remedy is
simple: Just type `I\&' now. But if some right brace
up above has ended a previous alignment prematurely,
you're probably due for more error messages, and you
might try typing `S' now just to see what is salvageable.

! Misplaced alignment tab character &.
<argument> ...774582$\grave { }$*${}^{\wedge \ETC.
                                                  
l.824  0 & \text{True}$ \\}
                           
I can't figure out why you would want to use a tab mark
here. If you just want an ampersand, the remedy is
simple: Just type `I\&' now. But if some right brace
up above has ended a previous alignment prematurely,
you're probably due for more error messages, and you
might try typing `S' now just to see what is salvageable.

! Misplaced alignment tab character &.
<argument> ...774582$\grave { }$*${}^{\wedge \ETC.
                                                  
l.824  0 & \text{True}$ \\}
                           
I can't figure out why you would want to use a tab mark
here. If you just want an ampersand, the remedy is
simple: Just type `I\&' now. But if some right brace
up above has ended a previous alignment prematurely,
you're probably due for more error messages, and you
might try typing `S' now just to see what is salvageable.

! Misplaced alignment tab character &.
<argument> ...774582$\grave { }$*${}^{\wedge \ETC.
                                                  
l.824  0 & \text{True}$ \\}
                           
I can't figure out why you would want to use a tab mark
here. If you just want an ampersand, the remedy is
simple: Just type `I\&' now. But if some right brace
up above has ended a previous alignment prematurely,
you're probably due for more error messages, and you
might try typing `S' now just to see what is salvageable.

! Misplaced alignment tab character &.
<argument> ...774582$\grave { }$*${}^{\wedge \ETC.
                                                  
l.824  0 & \text{True}$ \\}
                           
I can't figure out why you would want to use a tab mark
here. If you just want an ampersand, the remedy is
simple: Just type `I\&' now. But if some right brace
up above has ended a previous alignment prematurely,
you're probably due for more error messages, and you
might try typing `S' now just to see what is salvageable.

! Misplaced alignment tab character &.
<argument> ...774582$\grave { }$*${}^{\wedge \ETC.
                                                  
l.824  0 & \text{True}$ \\}
                           
I can't figure out why you would want to use a tab mark
here. If you just want an ampersand, the remedy is
simple: Just type `I\&' now. But if some right brace
up above has ended a previous alignment prematurely,
you're probably due for more error messages, and you
might try typing `S' now just to see what is salvageable.

! Misplaced alignment tab character &.
<argument> ...774582$\grave { }$*${}^{\wedge \ETC.
                                                  
l.824  0 & \text{True}$ \\}
                           
I can't figure out why you would want to use a tab mark
here. If you just want an ampersand, the remedy is
simple: Just type `I\&' now. But if some right brace
up above has ended a previous alignment prematurely,
you're probably due for more error messages, and you
might try typing `S' now just to see what is salvageable.

! Misplaced alignment tab character &.
<argument> ...774582$\grave { }$*${}^{\wedge \ETC.
                                                  
l.824  0 & \text{True}$ \\}
                           
I can't figure out why you would want to use a tab mark
here. If you just want an ampersand, the remedy is
simple: Just type `I\&' now. But if some right brace
up above has ended a previous alignment prematurely,
you're probably due for more error messages, and you
might try typing `S' now just to see what is salvageable.

! Misplaced alignment tab character &.
<argument> ...774582$\grave { }$*${}^{\wedge \ETC.
                                                  
l.824  0 & \text{True}$ \\}
                           
I can't figure out why you would want to use a tab mark
here. If you just want an ampersand, the remedy is
simple: Just type `I\&' now. But if some right brace
up above has ended a previous alignment prematurely,
you're probably due for more error messages, and you
might try typing `S' now just to see what is salvageable.

! Misplaced alignment tab character &.
<argument> ...774582$\grave { }$*${}^{\wedge \ETC.
                                                  
l.824  0 & \text{True}$ \\}
                           
I can't figure out why you would want to use a tab mark
here. If you just want an ampersand, the remedy is
simple: Just type `I\&' now. But if some right brace
up above has ended a previous alignment prematurely,
you're probably due for more error messages, and you
might try typing `S' now just to see what is salvageable.

! Misplaced alignment tab character &.
<argument> ...774582$\grave { }$*${}^{\wedge \ETC.
                                                  
l.824  0 & \text{True}$ \\}
                           
I can't figure out why you would want to use a tab mark
here. If you just want an ampersand, the remedy is
simple: Just type `I\&' now. But if some right brace
up above has ended a previous alignment prematurely,
you're probably due for more error messages, and you
might try typing `S' now just to see what is salvageable.


Overfull \hbox (6513.95259pt too wide) in paragraph at lines 824--824
[][]$[] []\OT1/cmr/m/n/10 [\OML/cmm/m/it/10 t <
 []


Overfull \hbox (5292.01036pt too wide) in paragraph at lines 824--824
[] [] []\OT1/cmr/m/n/10 [1 \OML/cmm/m/it/10 <
 []


Overfull \hbox (6898.12039pt too wide) in paragraph at lines 824--824
[] [] []\OT1/cmr/m/n/10 [2 \OML/cmm/m/it/10 <
 []


Overfull \hbox (6893.12038pt too wide) in paragraph at lines 824--824
[] [] []\OT1/cmr/m/n/10 [3 \OML/cmm/m/it/10 <
 []


Overfull \hbox (6898.12039pt too wide) in paragraph at lines 824--824
[] [] []\OT1/cmr/m/n/10 [4 \OML/cmm/m/it/10 <
 []


Overfull \hbox (6898.12039pt too wide) in paragraph at lines 824--824
[] [] []\OT1/cmr/m/n/10 [5 \OML/cmm/m/it/10 <
 []


Overfull \hbox (6898.12039pt too wide) in paragraph at lines 824--824
[] [] []\OT1/cmr/m/n/10 [6 \OML/cmm/m/it/10 <
 []


Overfull \hbox (6898.12039pt too wide) in paragraph at lines 824--824
[] [] []\OT1/cmr/m/n/10 [7 \OML/cmm/m/it/10 <
 []


Overfull \hbox (6903.1204pt too wide) in paragraph at lines 824--824
[] [] []\OT1/cmr/m/n/10 [8 \OML/cmm/m/it/10 <
 []


Overfull \hbox (6893.12038pt too wide) in paragraph at lines 824--824
[] [] []\OT1/cmr/m/n/10 [9 \OML/cmm/m/it/10 <
 []


Overfull \hbox (6898.12039pt too wide) in paragraph at lines 824--824
[] [] []\OT1/cmr/m/n/10 [11 \OML/cmm/m/it/10 <
 []


Overfull \hbox (7153.12117pt too wide) in paragraph at lines 824--824
[] [] []\OT1/cmr/m/n/10 [12 \OML/cmm/m/it/10 <
 []


Overfull \hbox (7203.12132pt too wide) in paragraph at lines 824--824
[] [] []\OT1/cmr/m/n/10 [13 \OML/cmm/m/it/10 <
 []


Overfull \hbox (7203.12132pt too wide) in paragraph at lines 824--824
[] [] []\OT1/cmr/m/n/10 [14 \OML/cmm/m/it/10 <
 []


Overfull \hbox (7281.56596pt too wide) in paragraph at lines 824--824
[] [] []\OT1/cmr/m/n/10 [15 \OML/cmm/m/it/10 <
 []


Overfull \hbox (7281.56596pt too wide) in paragraph at lines 824--824
[] [] []\OT1/cmr/m/n/10 [16 \OML/cmm/m/it/10 <
 []


Overfull \hbox (7286.56598pt too wide) in paragraph at lines 824--824
[] [] []\OT1/cmr/m/n/10 [17 \OML/cmm/m/it/10 <
 []


Overfull \hbox (7232.34361pt too wide) in paragraph at lines 824--824
[] [] []\OT1/cmr/m/n/10 [18 \OML/cmm/m/it/10 <
 []


Overfull \hbox (7232.34361pt too wide) in paragraph at lines 824--824
[] [] []\OT1/cmr/m/n/10 [19 \OML/cmm/m/it/10 <
 []


Overfull \hbox (7237.34363pt too wide) in paragraph at lines 824--824
[] [] []\OT1/cmr/m/n/10 [20 \OML/cmm/m/it/10 <
 []


Overfull \hbox (7237.34363pt too wide) in paragraph at lines 824--824
[] [] []\OT1/cmr/m/n/10 [21 \OML/cmm/m/it/10 <
 []


Overfull \hbox (7207.34354pt too wide) in paragraph at lines 824--824
[] [] []\OT1/cmr/m/n/10 [22 \OML/cmm/m/it/10 <
 []


Overfull \hbox (7207.34354pt too wide) in paragraph at lines 824--824
[] [] []\OT1/cmr/m/n/10 [23 \OML/cmm/m/it/10 <
 []


Overfull \hbox (7148.12115pt too wide) in paragraph at lines 824--824
[] [] []\OT1/cmr/m/n/10 [24 \OML/cmm/m/it/10 <
 []


Overfull \hbox (1261.76477pt too wide) in paragraph at lines 824--824
[] [] []\OT1/cmr/m/n/10 [25 \OML/cmm/m/it/10 <
 []


Overfull \hbox (7093.89879pt too wide) in paragraph at lines 824--824
[] [] []\OT1/cmr/m/n/10 [26 \OML/cmm/m/it/10 <
 []


Overfull \hbox (7093.89879pt too wide) in paragraph at lines 824--824
[] [] []\OT1/cmr/m/n/10 [27 \OML/cmm/m/it/10 <
 []


Overfull \hbox (7093.89879pt too wide) in paragraph at lines 824--824
[] [] []\OT1/cmr/m/n/10 [28 \OML/cmm/m/it/10 <
 []


Overfull \hbox (7093.89879pt too wide) in paragraph at lines 824--824
[] [] []\OT1/cmr/m/n/10 [29 \OML/cmm/m/it/10 <
 []


Overfull \hbox (7168.12122pt too wide) in paragraph at lines 824--824
[] [] []\OT1/cmr/m/n/10 [30 \OML/cmm/m/it/10 <
 []


Overfull \hbox (7168.12122pt too wide) in paragraph at lines 824--824
[] [] []\OT1/cmr/m/n/10 [31 \OML/cmm/m/it/10 <
 []


Overfull \hbox (7168.12122pt too wide) in paragraph at lines 824--824
[] [] []\OT1/cmr/m/n/10 [32 \OML/cmm/m/it/10 <
 []


Overfull \hbox (7271.56593pt too wide) in paragraph at lines 824--824
[] [] []\OT1/cmr/m/n/10 [33 \OML/cmm/m/it/10 <
 []


Overfull \hbox (7251.56587pt too wide) in paragraph at lines 824--824
[] [] []\OT1/cmr/m/n/10 [34 \OML/cmm/m/it/10 <
 []


Overfull \hbox (7276.60754pt too wide) in paragraph at lines 824--824
[] [] []\OT1/cmr/m/n/10 [35 \OML/cmm/m/it/10 <
 []


Overfull \hbox (7232.38521pt too wide) in paragraph at lines 824--824
[] [] []\OT1/cmr/m/n/10 [36 \OML/cmm/m/it/10 <
 []


Overfull \hbox (7232.38521pt too wide) in paragraph at lines 824--824
[] [] []\OT1/cmr/m/n/10 [37 \OML/cmm/m/it/10 <
 []


Overfull \hbox (7207.38513pt too wide) in paragraph at lines 824--824
[] [] []\OT1/cmr/m/n/10 [38 \OML/cmm/m/it/10 <
 []


Overfull \hbox (7207.38513pt too wide) in paragraph at lines 824--824
[] [] []\OT1/cmr/m/n/10 [40 \OML/cmm/m/it/10 <
 []


Overfull \hbox (7143.16273pt too wide) in paragraph at lines 824--824
[] [] []\OT1/cmr/m/n/10 [41 \OML/cmm/m/it/10 <
 []


Overfull \hbox (7138.16272pt too wide) in paragraph at lines 824--824
[] [] []\OT1/cmr/m/n/10 [42 \OML/cmm/m/it/10 <
 []


Overfull \hbox (7143.16273pt too wide) in paragraph at lines 824--824
[] [] []\OT1/cmr/m/n/10 [43 \OML/cmm/m/it/10 <
 []


Overfull \hbox (7143.16273pt too wide) in paragraph at lines 824--824
[] [] []\OT1/cmr/m/n/10 [44 \OML/cmm/m/it/10 <
 []


Overfull \hbox (7148.16275pt too wide) in paragraph at lines 824--824
[] [] []\OT1/cmr/m/n/10 [45 \OML/cmm/m/it/10 <
 []


Overfull \hbox (7153.16277pt too wide) in paragraph at lines 824--824
[] [] []\OT1/cmr/m/n/10 [46 \OML/cmm/m/it/10 <
 []


Overfull \hbox (7123.16267pt too wide) in paragraph at lines 824--824
[] [] []\OT1/cmr/m/n/10 [47 \OML/cmm/m/it/10 <
 []


Overfull \hbox (7123.16267pt too wide) in paragraph at lines 824--824
[] [] []\OT1/cmr/m/n/10 [48 \OML/cmm/m/it/10 <
 []


Overfull \hbox (7108.16263pt too wide) in paragraph at lines 824--824
[] [] []\OT1/cmr/m/n/10 [49 \OML/cmm/m/it/10 <
 []


Overfull \hbox (7101.77371pt too wide) in paragraph at lines 824--824
[] [] []\OT1/cmr/m/n/10 [\OML/cmm/m/it/10 t >
 []


Underfull \hbox (badness 10000) in paragraph at lines 824--824

 []

! Missing $ inserted.
<inserted text> 
                $
l.825 
      
I've inserted a begin-math/end-math symbol since I think
you left one out. Proceed, with fingers crossed.


Overfull \hbox (15.0pt too wide) in paragraph at lines 12--825
[]$[]$ 
 []

[1

{/var/lib/texmf/fonts/map/pdftex/updmap/pdftex.map}]
Overfull \vbox (643.0pt too high) has occurred while \output is active []

 [2]
(./dataApprox.aux) ) 
Here is how much of TeX's memory you used:
 2314 strings out of 493029
 30422 string characters out of 6136235
 1138384 words of memory out of 5000000
 5835 multiletter control sequences out of 15000+600000
 5339 words of font info for 22 fonts, out of 8000000 for 9000
 1141 hyphenation exceptions out of 8191
 37i,11n,26p,276b,115s stack positions out of 5000i,500n,10000p,200000b,80000s
</usr/share/texlive/texmf-dist/fonts/type1/public/amsfonts/
cm/cmex10.pfb></usr/share/texlive/texmf-dist/fonts/type1/public/amsfonts/cm/cmm
i10.pfb></usr/share/texlive/texmf-dist/fonts/type1/public/amsfonts/cm/cmr10.pfb
></usr/share/texlive/texmf-dist/fonts/type1/public/amsfonts/cm/cmr7.pfb></usr/s
hare/texlive/texmf-dist/fonts/type1/public/amsfonts/cm/cmsy10.pfb></usr/share/t
exlive/texmf-dist/fonts/type1/public/amsfonts/cm/cmsy7.pfb>
Output written on dataApprox.pdf (2 pages, 86169 bytes).
PDF statistics:
 35 PDF objects out of 1000 (max. 8388607)
 24 compressed objects within 1 object stream
 0 named destinations out of 1000 (max. 500000)
 1 words of extra memory for PDF output out of 10000 (max. 10000000)

